<?xml version="1.0" encoding="UTF-8"?>
<!-- Generated by org.testng.reporters.JUnitXMLReporter -->
<testsuite ignored="0" hostname="DESKTOP-678UJMN" failures="0" tests="5" name="Leads" time="41.156" errors="0" timestamp="2023-12-03T16:56:33 EST">
  <testcase classname="com.testng.tests.LeadsTest" name="checknewbuttononleadshome" time="6.596"/>
  <testcase classname="com.testng.tests.LeadsTest" name="defaultview" time="8.023"/>
  <testcase classname="com.testng.tests.LeadsTest" name="leadsselectview" time="4.98"/>
  <testcase classname="com.testng.tests.LeadsTest" name="leadstab" time="3.921"/>
  <testcase classname="com.testng.tests.LeadsTest" name="selecttodaysleadsfromviewdropdown" time="7.006"/>
</testsuite> <!-- Leads -->
