<?xml version="1.0" encoding="UTF-8"?>
<!-- Generated by org.testng.reporters.JUnitXMLReporter -->
<testsuite ignored="0" hostname="DESKTOP-678UJMN" failures="0" tests="5" name="Login" time="22.919" errors="0" timestamp="2023-12-03T16:53:49 EST">
  <testcase classname="com.testng.tests.LoginTest" name="checkRememberMe" time="4.843"/>
  <testcase classname="com.testng.tests.LoginTest" name="forgotPassword" time="1.331"/>
  <testcase classname="com.testng.tests.LoginTest" name="loginerror" time="0.635"/>
  <testcase classname="com.testng.tests.LoginTest" name="logintoapplication" time="3.464"/>
  <testcase classname="com.testng.tests.LoginTest" name="validateloginErrorMessage" time="0.369"/>
</testsuite> <!-- Login -->
