<?xml version="1.0" encoding="UTF-8"?>
<!-- Generated by org.testng.reporters.JUnitXMLReporter -->
<testsuite ignored="0" hostname="DESKTOP-678UJMN" failures="0" tests="5" name="Opportunity" time="43.224" errors="0" timestamp="2023-12-03T16:55:52 EST">
  <testcase classname="com.testng.tests.OpportunityTest" name="createnewopportunity" time="9.702"/>
  <testcase classname="com.testng.tests.OpportunityTest" name="opportunitiesdropdown" time="4.112"/>
  <testcase classname="com.testng.tests.OpportunityTest" name="quarterlysummerreport" time="4.655"/>
  <testcase classname="com.testng.tests.OpportunityTest" name="testopportunitypipelinereport" time="5.695"/>
  <testcase classname="com.testng.tests.OpportunityTest" name="teststuckopportunityreport" time="6.687"/>
</testsuite> <!-- Opportunity -->
