<?xml version="1.0" encoding="UTF-8"?>
<!-- Generated by org.testng.reporters.JUnitXMLReporter -->
<testsuite ignored="0" hostname="DESKTOP-678UJMN" failures="0" tests="5" name="RandomScenarios" time="53.447" errors="0" timestamp="2023-12-03T16:58:24 EST">
  <testcase classname="com.testng.tests.RandomScenariosTest" name="blockinganeventinthecalender" time="8.34"/>
  <testcase classname="com.testng.tests.RandomScenariosTest" name="blockinganeventinthecalenderwithweeklyrecurrenace" time="8.928"/>
  <testcase classname="com.testng.tests.RandomScenariosTest" name="verifyeditedlastnameisupdated" time="10.586"/>
  <testcase classname="com.testng.tests.RandomScenariosTest" name="verifyfirstnameandlastnameoftheloggedinuser" time="6.283"/>
  <testcase classname="com.testng.tests.RandomScenariosTest" name="verifythetabcustomization" time="10.187"/>
</testsuite> <!-- RandomScenarios -->
