<?xml version="1.0" encoding="UTF-8"?>
<!-- Generated by org.testng.reporters.JUnitXMLReporter -->
<testsuite ignored="0" hostname="DESKTOP-678UJMN" failures="2" tests="5" name="Usermenu" time="30.832" errors="0" timestamp="2023-12-03T16:54:20 EST">
  <testcase classname="com.testng.tests.UsermenuTest" name="selectUsermenufromusermenudropdown" time="3.308">
    <failure type="java.lang.AssertionError" message="expected [Silpa Rajan1] but found [Silpa Abcd]">
      <![CDATA[java.lang.AssertionError: expected [Silpa Rajan1] but found [Silpa Abcd]
at com.testng.base.BasePage.compareText(BasePage.java:23)
at com.testng.pages.UsermenuPage.checkforusermenu(UsermenuPage.java:132)
at com.testng.tests.UsermenuTest.selectUsermenufromusermenudropdown(UsermenuTest.java:39)
at java.base/java.util.ArrayList.forEach(ArrayList.java:1511)
... Removed 31 stack frames]]>
    </failure>
  </testcase> <!-- selectUsermenufromusermenudropdown -->
  <testcase classname="com.testng.tests.UsermenuTest" name="selectdevconsolefromusernamedropdwn" time="3.481"/>
  <testcase classname="com.testng.tests.UsermenuTest" name="selectlogoutfromusermenudropdown" time="3.825"/>
  <testcase classname="com.testng.tests.UsermenuTest" name="selectmyprofilefromusermenu" time="3.212">
    <failure type="java.lang.AssertionError" message="expected [Silpa Rajan1] but found [Silpa Abcd]">
      <![CDATA[java.lang.AssertionError: expected [Silpa Rajan1] but found [Silpa Abcd]
at com.testng.base.BasePage.compareText(BasePage.java:23)
at com.testng.pages.UsermenuPage.checkforusermenu(UsermenuPage.java:132)
at com.testng.tests.UsermenuTest.selectmyprofilefromusermenu(UsermenuTest.java:66)
at java.base/java.util.ArrayList.forEach(ArrayList.java:1511)
... Removed 31 stack frames]]>
    </failure>
  </testcase> <!-- selectmyprofilefromusermenu -->
  <testcase classname="com.testng.tests.UsermenuTest" name="selectmysettingsfromusermenu" time="6.755"/>
</testsuite> <!-- Usermenu -->
