<?xml version="1.0" encoding="UTF-8"?>
<testsuite xmlns:xsi="http://www.w3.org/2001/XMLSchema-instance" xsi:schemaLocation="https://maven.apache.org/surefire/maven-surefire-plugin/xsd/surefire-test-report.xsd" name="TestSuite" time="4.518" tests="14" errors="0" skipped="12" failures="2">
  <properties>
[...]
</properties>
  <testcase name="checkRememberMe" classname="com.testng.tests.LoginTest" time="1.13">
    <failure message="no such window: target window already closed&#10;from unknown error: web view not found&#10;  (Session info: chrome=119.0.6045.160)&#10;Build info: version: &apos;3.141.59&apos;, revision: &apos;e82be7d358&apos;, time: &apos;2018-11-14T08:17:03&apos;&#10;System info: host: &apos;DESKTOP-678UJMN&apos;, ip: &apos;192.168.1.128&apos;, os.name: &apos;Windows 11&apos;, os.arch: &apos;amd64&apos;, os.version: &apos;10.0&apos;, java.version: &apos;11.0.17&apos;&#10;Driver info: org.openqa.selenium.chrome.ChromeDriver&#10;Capabilities {acceptInsecureCerts: false, browserName: chrome, browserVersion: 119.0.6045.160, chrome: {chromedriverVersion: 119.0.6045.105 (38c72552c5e..., userDataDir: C:\Users\silpa\AppData\Loca...}, fedcm:accounts: true, goog:chromeOptions: {debuggerAddress: localhost:50444}, javascriptEnabled: true, networkConnectionEnabled: false, pageLoadStrategy: normal, platform: WINDOWS, platformName: WINDOWS, proxy: Proxy(), setWindowRect: true, strictFileInteractability: false, timeouts: {implicit: 0, pageLoad: 300000, script: 30000}, unhandledPromptBehavior: dismiss and notify, webauthn:extension:credBlob: true, webauthn:extension:largeBlob: true, webauthn:extension:minPinLength: true, webauthn:extension:prf: true, webauthn:virtualAuthenticators: true}&#10;Session ID: 682ca0d74033f5661f7f5da743686218&#10;*** Element info: {Using=id, value=userNav-arrow}" type="org.openqa.selenium.NoSuchWindowException">org.openqa.selenium.NoSuchWindowException: 
no such window: target window already closed
from unknown error: web view not found
  (Session info: chrome=119.0.6045.160)
Build info: version: '3.141.59', revision: 'e82be7d358', time: '2018-11-14T08:17:03'
System info: host: 'DESKTOP-678UJMN', ip: '192.168.1.128', os.name: 'Windows 11', os.arch: 'amd64', os.version: '10.0', java.version: '11.0.17'
Driver info: org.openqa.selenium.chrome.ChromeDriver
Capabilities {acceptInsecureCerts: false, browserName: chrome, browserVersion: 119.0.6045.160, chrome: {chromedriverVersion: 119.0.6045.105 (38c72552c5e..., userDataDir: C:\Users\silpa\AppData\Loca...}, fedcm:accounts: true, goog:chromeOptions: {debuggerAddress: localhost:50444}, javascriptEnabled: true, networkConnectionEnabled: false, pageLoadStrategy: normal, platform: WINDOWS, platformName: WINDOWS, proxy: Proxy(), setWindowRect: true, strictFileInteractability: false, timeouts: {implicit: 0, pageLoad: 300000, script: 30000}, unhandledPromptBehavior: dismiss and notify, webauthn:extension:credBlob: true, webauthn:extension:largeBlob: true, webauthn:extension:minPinLength: true, webauthn:extension:prf: true, webauthn:virtualAuthenticators: true}
Session ID: 682ca0d74033f5661f7f5da743686218
*** Element info: {Using=id, value=userNav-arrow}
	at com.testng.tests.LoginTest.checkRememberMe(LoginTest.java:62)
</failure>
    <system-out><![CDATA[*** Test Suite Login started ***
*** Running test method checkRememberMe...
Directory already exists: C:\Users\silpa\eclipse-workspace\TestNGFrameworkSalesforce\ExtentReport
2023-11-25 17:44:12 INFO  Log:17 - ****************           -S-T-A-R-T-Check Remember me       ****************
2023-11-25 17:44:12 INFO  Log:31 - Successfully entered username
2023-11-25 17:44:13 INFO  Log:31 - Successfully logged into application
*** Test execution checkRememberMe failed...
]]></system-out>
    <system-err><![CDATA[SLF4J: No SLF4J providers were found.
SLF4J: Defaulting to no-operation (NOP) logger implementation
SLF4J: See https://www.slf4j.org/codes.html#noProviders for further details.
Starting ChromeDriver 119.0.6045.105 (38c72552c5e15ba9b3117c0967a0fd105072d7c6-refs/branch-heads/6045@{#1103}) on port 62243
Only local connections are allowed.
Please see https://chromedriver.chromium.org/security-considerations for suggestions on keeping ChromeDriver safe.
ChromeDriver was started successfully.
Nov 25, 2023 5:44:11 PM org.openqa.selenium.remote.ProtocolHandshake createSession
INFO: Detected dialect: W3C
]]></system-err>
  </testcase>
  <testcase name="teardown" classname="com.testng.tests.LoginTest" time="1.14">
    <failure message="no such window: target window already closed&#10;from unknown error: web view not found&#10;  (Session info: chrome=119.0.6045.160)&#10;Build info: version: &apos;3.141.59&apos;, revision: &apos;e82be7d358&apos;, time: &apos;2018-11-14T08:17:03&apos;&#10;System info: host: &apos;DESKTOP-678UJMN&apos;, ip: &apos;192.168.1.128&apos;, os.name: &apos;Windows 11&apos;, os.arch: &apos;amd64&apos;, os.version: &apos;10.0&apos;, java.version: &apos;11.0.17&apos;&#10;Driver info: org.openqa.selenium.chrome.ChromeDriver&#10;Capabilities {acceptInsecureCerts: false, browserName: chrome, browserVersion: 119.0.6045.160, chrome: {chromedriverVersion: 119.0.6045.105 (38c72552c5e..., userDataDir: C:\Users\silpa\AppData\Loca...}, fedcm:accounts: true, goog:chromeOptions: {debuggerAddress: localhost:50444}, javascriptEnabled: true, networkConnectionEnabled: false, pageLoadStrategy: normal, platform: WINDOWS, platformName: WINDOWS, proxy: Proxy(), setWindowRect: true, strictFileInteractability: false, timeouts: {implicit: 0, pageLoad: 300000, script: 30000}, unhandledPromptBehavior: dismiss and notify, webauthn:extension:credBlob: true, webauthn:extension:largeBlob: true, webauthn:extension:minPinLength: true, webauthn:extension:prf: true, webauthn:virtualAuthenticators: true}&#10;Session ID: 682ca0d74033f5661f7f5da743686218" type="org.openqa.selenium.NoSuchWindowException">org.openqa.selenium.NoSuchWindowException: 
no such window: target window already closed
from unknown error: web view not found
  (Session info: chrome=119.0.6045.160)
Build info: version: '3.141.59', revision: 'e82be7d358', time: '2018-11-14T08:17:03'
System info: host: 'DESKTOP-678UJMN', ip: '192.168.1.128', os.name: 'Windows 11', os.arch: 'amd64', os.version: '10.0', java.version: '11.0.17'
Driver info: org.openqa.selenium.chrome.ChromeDriver
Capabilities {acceptInsecureCerts: false, browserName: chrome, browserVersion: 119.0.6045.160, chrome: {chromedriverVersion: 119.0.6045.105 (38c72552c5e..., userDataDir: C:\Users\silpa\AppData\Loca...}, fedcm:accounts: true, goog:chromeOptions: {debuggerAddress: localhost:50444}, javascriptEnabled: true, networkConnectionEnabled: false, pageLoadStrategy: normal, platform: WINDOWS, platformName: WINDOWS, proxy: Proxy(), setWindowRect: true, strictFileInteractability: false, timeouts: {implicit: 0, pageLoad: 300000, script: 30000}, unhandledPromptBehavior: dismiss and notify, webauthn:extension:credBlob: true, webauthn:extension:largeBlob: true, webauthn:extension:minPinLength: true, webauthn:extension:prf: true, webauthn:virtualAuthenticators: true}
Session ID: 682ca0d74033f5661f7f5da743686218
	at com.testng.tests.LoginTest.teardown(LoginTest.java:101)
</failure>
  </testcase>
  <testcase name="teardown" classname="com.testng.tests.LoginTest" time="0">
    <skipped/>
  </testcase>
  <testcase name="teardown" classname="com.testng.tests.LoginTest" time="0">
    <skipped/>
  </testcase>
  <testcase name="teardown" classname="com.testng.tests.LoginTest" time="0">
    <skipped/>
  </testcase>
  <testcase name="teardown" classname="com.testng.tests.LoginTest" time="0">
    <skipped/>
  </testcase>
  <testcase name="beforemethod" classname="com.testng.tests.LoginTest" time="0">
    <skipped/>
  </testcase>
  <testcase name="beforemethod" classname="com.testng.tests.LoginTest" time="0">
    <skipped/>
  </testcase>
  <testcase name="beforemethod" classname="com.testng.tests.LoginTest" time="0">
    <skipped/>
  </testcase>
  <testcase name="beforemethod" classname="com.testng.tests.LoginTest" time="0">
    <skipped/>
  </testcase>
  <testcase name="forgotPassword" classname="com.testng.tests.LoginTest" time="0">
    <skipped/>
    <system-out><![CDATA[*** Running test method forgotPassword...
*** Test forgotPassword skipped...
]]></system-out>
  </testcase>
  <testcase name="loginerror" classname="com.testng.tests.LoginTest" time="0">
    <skipped/>
    <system-out><![CDATA[*** Running test method loginerror...
*** Test loginerror skipped...
]]></system-out>
  </testcase>
  <testcase name="logintoapplication" classname="com.testng.tests.LoginTest" time="0">
    <skipped/>
    <system-out><![CDATA[*** Running test method logintoapplication...
*** Test logintoapplication skipped...
]]></system-out>
  </testcase>
  <testcase name="validateloginErrorMessage" classname="com.testng.tests.LoginTest" time="0">
    <skipped/>
    <system-out><![CDATA[*** Running test method validateloginErrorMessage...
*** Test validateloginErrorMessage skipped...
]]></system-out>
  </testcase>
</testsuite>