<?xml version="1.0" encoding="UTF-8"?>
<!-- Generated by org.testng.reporters.JUnitXMLReporter -->
<testsuite ignored="0" hostname="DESKTOP-678UJMN" failures="0" tests="5" name="Default test" time="60.414" errors="0" timestamp="2023-12-03T16:53:07 EST">
  <testcase classname="com.testng.tests.RandomScenariosTest" name="blockinganeventinthecalender" time="9.412"/>
  <testcase classname="com.testng.tests.RandomScenariosTest" name="blockinganeventinthecalenderwithweeklyrecurrenace" time="11.167"/>
  <testcase classname="com.testng.tests.RandomScenariosTest" name="verifyeditedlastnameisupdated" time="12.218"/>
  <testcase classname="com.testng.tests.RandomScenariosTest" name="verifyfirstnameandlastnameoftheloggedinuser" time="7.418"/>
  <testcase classname="com.testng.tests.RandomScenariosTest" name="verifythetabcustomization" time="8.76"/>
</testsuite> <!-- Default test -->
